
> frontend@0.1.0 dev
> next dev

▲ Next.js 16.1.6 (Turbopack)
- Local:         http://localhost:3000
- Network:       http://192.168.33.102:3000
- Environments: .env.local

✓ Starting...
✓ Ready in 1489ms
○ Compiling /app ...
 GET /app 200 in 13.6s (compile: 5.5s, render: 8.1s)
 GET / 200 in 138ms (compile: 77ms, render: 61ms)
 GET /app 200 in 73ms (compile: 14ms, render: 59ms)
 GET /app 200 in 289ms (compile: 26ms, render: 264ms)
 GET /app 200 in 225ms (compile: 30ms, render: 195ms)
 GET /app 200 in 910ms (compile: 143ms, render: 767ms)
 GET /app 200 in 3.2s (compile: 263ms, render: 3.0s)
 GET /app 200 in 262ms (compile: 12ms, render: 250ms)
✓ Compiled in 912ms
 GET /app 200 in 3.2s (compile: 236ms, render: 2.9s)
✓ Compiled in 678ms
○ Compiling /_not-found/page ...
 GET /logos/tencent.svg 404 in 6.5s (compile: 6.2s, render: 284ms)
✓ Compiled in 567ms
 GET /app 200 in 1942ms (compile: 266ms, render: 1676ms)
 GET /logos/tencent.svg 404 in 481ms (compile: 147ms, render: 333ms)
✓ Compiled in 580ms
 GET /logos/tencent.svg 404 in 140ms (compile: 23ms, render: 117ms)
 GET /logos/tencent.svg 404 in 136ms (compile: 14ms, render: 122ms)
 GET /logos/tencent.svg 404 in 124ms (compile: 14ms, render: 110ms)
 GET /logos/tencent.svg 404 in 101ms (compile: 10ms, render: 91ms)
 GET /app 200 in 6.4s (compile: 668ms, render: 5.7s)
 GET /logos/tencent.svg 404 in 1532ms (compile: 121ms, render: 1411ms)
✓ Compiled in 130ms
 GET /app 200 in 1914ms (compile: 220ms, render: 1694ms)
 GET /logos/tencent.svg 404 in 156ms (compile: 19ms, render: 137ms)
 GET /app 200 in 3.8s (compile: 18ms, render: 3.8s)
 GET /app 200 in 534ms (compile: 165ms, render: 369ms)
 GET /logos/tencent.svg 404 in 548ms (compile: 196ms, render: 352ms)
✓ Compiled in 1172ms
✓ Compiled in 575ms
✓ Compiled in 288ms
 GET /app 200 in 184ms (compile: 12ms, render: 173ms)
 GET / 200 in 2.5s (compile: 281ms, render: 2.2s)
✓ Compiled in 444ms
